2021-10-09 07:29:15,307:INFO:PyCaret Supervised Module
2021-10-09 07:29:15,308:INFO:ML Usecase: regression
2021-10-09 07:29:15,308:INFO:version 2.3.4
2021-10-09 07:29:15,308:INFO:Initializing setup()
2021-10-09 07:29:15,308:INFO:setup(target=charges, ml_usecase=regression, available_plots={'parameter': 'Hyperparameters', 'residuals': 'Residuals', 'error': 'Prediction Error', 'cooks': 'Cooks Distance', 'rfe': 'Feature Selection', 'learning': 'Learning Curve', 'manifold': 'Manifold Learning', 'vc': 'Validation Curve', 'feature': 'Feature Importance', 'feature_all': 'Feature Importance (All)', 'tree': 'Decision Tree', 'residuals_interactive': 'Interactive Residuals'}, train_size=0.7, test_data=None, preprocess=True, imputation_type=simple, iterative_imputation_iters=5, categorical_features=None, categorical_imputation=constant, categorical_iterative_imputer=lightgbm, ordinal_features=None, high_cardinality_features=None, high_cardinality_method=frequency, numeric_features=None, numeric_imputation=mean, numeric_iterative_imputer=lightgbm, date_features=None, ignore_features=None, normalize=True, normalize_method=zscore, transformation=False, transformation_method=yeo-johnson, handle_unknown_categorical=True, unknown_categorical_method=least_frequent, pca=False, pca_method=linear, pca_components=None, ignore_low_variance=False, combine_rare_levels=False, rare_level_threshold=0.1, bin_numeric_features=['age', 'bmi'], remove_outliers=False, outliers_threshold=0.05, remove_multicollinearity=False, multicollinearity_threshold=0.9, remove_perfect_collinearity=True, create_clusters=False, cluster_iter=20, polynomial_features=True, polynomial_degree=2, trigonometry_features=True, polynomial_threshold=0.1, group_features=None, group_names=None, feature_selection=False, feature_selection_threshold=0.8, feature_selection_method=classic, feature_interaction=False, feature_ratio=False, interaction_threshold=0.01, fix_imbalance=False, fix_imbalance_method=None, transform_target=False, transform_target_method=box-cox, data_split_shuffle=True, data_split_stratify=False, fold_strategy=kfold, fold=10, fold_shuffle=False, fold_groups=None, n_jobs=-1, use_gpu=False, custom_pipeline=None, html=True, session_id=None, log_experiment=False, experiment_name=None, log_plots=False, log_profile=False, log_data=False, silent=False, verbose=True, profile=False, profile_kwargs=None, display=None)
2021-10-09 07:29:15,308:INFO:Checking environment
2021-10-09 07:29:15,308:INFO:python_version: 3.9.6
2021-10-09 07:29:15,308:INFO:python_build: ('v3.9.6:db3ff76da1', 'Jun 28 2021 11:49:53')
2021-10-09 07:29:15,308:INFO:machine: x86_64
2021-10-09 07:29:15,339:INFO:platform: macOS-10.16-x86_64-i386-64bit
2021-10-09 07:29:15,340:WARNING:cannot find psutil installation. memory not traceable. Install psutil using pip to enable memory logging.
2021-10-09 07:29:15,340:INFO:Checking libraries
2021-10-09 07:29:15,340:INFO:pd==1.3.3
2021-10-09 07:29:15,340:INFO:numpy==1.19.5
2021-10-09 07:29:15,340:INFO:sklearn==0.23.2
2021-10-09 07:29:15,341:INFO:lightgbm==3.2.1
2021-10-09 07:29:15,341:WARNING:catboost not found
2021-10-09 07:29:15,341:WARNING:xgboost not found
2021-10-09 07:29:15,735:INFO:mlflow==1.20.2
2021-10-09 07:29:15,735:INFO:Checking Exceptions
2021-10-09 07:29:15,735:INFO:Declaring global variables
2021-10-09 07:29:15,736:INFO:USI: c289
2021-10-09 07:29:15,736:INFO:pycaret_globals: {'fold_param', '_available_plots', 'X_test', 'y_train', 'y_test', 'imputation_regressor', '_internal_pipeline', 'target_param', 'y', 'html_param', 'master_model_container', 'fold_shuffle_param', 'fold_groups_param_full', '_ml_usecase', 'X_train', 'transform_target_param', 'gpu_param', '_gpu_n_jobs_param', 'stratify_param', '_all_metrics', 'display_container', 'X', 'n_jobs_param', 'imputation_classifier', 'data_before_preprocess', 'USI', 'transform_target_method_param', 'fold_groups_param', 'fix_imbalance_method_param', 'fix_imbalance_param', '_all_models_internal', 'pycaret_globals', 'logging_param', 'log_plots_param', 'iterative_imputation_iters_param', 'seed', 'exp_name_log', 'fold_generator', 'prep_pipe', '_all_models', 'create_model_container', 'experiment__'}
2021-10-09 07:29:15,736:INFO:Preparing display monitor
2021-10-09 07:29:15,736:INFO:Preparing display monitor
2021-10-09 07:29:15,741:INFO:Importing libraries
2021-10-09 07:29:15,741:INFO:Copying data for preprocessing
2021-10-09 07:29:15,743:INFO:Declaring preprocessing parameters
2021-10-09 07:29:15,744:INFO:Creating preprocessing pipeline
2021-10-09 07:29:15,750:INFO:Preprocessing pipeline created successfully
2021-10-09 07:29:15,750:ERROR:(Process Exit): setup has been interupted with user command 'quit'. setup must rerun.
2021-10-09 07:29:15,750:INFO:Creating global containers
2021-10-09 07:29:15,751:INFO:Internal pipeline: Pipeline(memory=None, steps=[('empty_step', 'passthrough')], verbose=False)
2021-10-09 07:32:58,733:WARNING:Couldn't import xgboost.XGBRegressor
2021-10-09 07:32:58,734:WARNING:Couldn't import catboost.CatBoostRegressor
2021-10-09 07:32:58,821:WARNING:Couldn't import xgboost.XGBRegressor
2021-10-09 07:32:58,821:WARNING:Couldn't import catboost.CatBoostRegressor
2021-10-09 07:32:58,821:INFO:Creating grid variables
2021-10-09 07:32:58,823:INFO:create_model_container: 0
2021-10-09 07:32:58,823:INFO:master_model_container: 0
2021-10-09 07:32:58,823:INFO:display_container: 1
2021-10-09 07:32:58,827:INFO:Pipeline(memory=None,
         steps=[('dtypes',
                 DataTypes_Auto_infer(categorical_features=[],
                                      display_types=True, features_todrop=[],
                                      id_columns=['ID'],
                                      ml_usecase='regression',
                                      numerical_features=[], target='charges',
                                      time_features=[])),
                ('imputer',
                 Simple_Imputer(categorical_strategy='not_available',
                                fill_value_categorical=None,
                                fill_value_numerical=None,
                                numeric_stra...
                ('binn', Binning(features_to_discretize=['age', 'bmi'])),
                ('rem_outliers', 'passthrough'), ('cluster_all', 'passthrough'),
                ('dummy', Dummify(target='charges')),
                ('fix_perfect', Remove_100(target='charges')),
                ('clean_names', Clean_Colum_Names()),
                ('feature_select', 'passthrough'), ('fix_multi', 'passthrough'),
                ('dfs', 'passthrough'), ('pca', 'passthrough')],
         verbose=False)
2021-10-09 07:32:58,828:INFO:setup() succesfully completed......................................
2021-10-09 07:32:58,882:INFO:Initializing create_model()
2021-10-09 07:32:58,882:INFO:create_model(estimator=lr, fold=None, round=4, cross_validation=True, predict=True, fit_kwargs=None, groups=None, refit=True, verbose=True, system=True, metrics=None, add_to_model_list=True, display=None, kwargs={})
2021-10-09 07:32:58,882:INFO:Checking exceptions
2021-10-09 07:32:58,882:INFO:Preparing display monitor
2021-10-09 07:32:58,889:INFO:Importing libraries
2021-10-09 07:32:58,889:INFO:Copying training dataset
2021-10-09 07:32:58,889:INFO:Defining folds
2021-10-09 07:32:58,889:INFO:Declaring metric variables
2021-10-09 07:32:58,894:INFO:Importing untrained model
2021-10-09 07:32:58,898:INFO:Linear Regression Imported succesfully
2021-10-09 07:32:58,906:INFO:Starting cross validation
2021-10-09 07:32:58,910:INFO:Cross validating with KFold(n_splits=10, random_state=None, shuffle=False), n_jobs=-1
2021-10-09 07:33:00,833:INFO:Calculating mean and std
2021-10-09 07:33:00,834:INFO:Creating metrics dataframe
2021-10-09 07:33:00,847:INFO:Finalizing model
2021-10-09 07:33:00,854:INFO:Uploading results into container
2021-10-09 07:33:00,854:INFO:Uploading model into container now
2021-10-09 07:33:00,854:INFO:create_model_container: 1
2021-10-09 07:33:00,854:INFO:master_model_container: 1
2021-10-09 07:33:00,854:INFO:display_container: 2
2021-10-09 07:33:00,854:INFO:LinearRegression(copy_X=True, fit_intercept=True, n_jobs=-1, normalize=False)
2021-10-09 07:33:00,854:INFO:create_model() succesfully completed......................................
2021-10-09 07:33:00,920:INFO:Initializing plot_model()
2021-10-09 07:33:00,920:INFO:plot_model(fold=None, use_train_data=False, verbose=True, is_in_evaluate=False, display=None, display_format=None, estimator=LinearRegression(copy_X=True, fit_intercept=True, n_jobs=-1, normalize=False), feature_name=None, fit_kwargs=None, groups=None, label=False, plot=residuals, save=False, scale=1, system=True)
2021-10-09 07:33:00,920:INFO:Checking exceptions
2021-10-09 07:33:00,920:INFO:Preparing display monitor
2021-10-09 07:33:00,923:INFO:Preloading libraries
2021-10-09 07:33:00,923:INFO:Copying training dataset
2021-10-09 07:33:00,923:INFO:Copying test dataset
2021-10-09 07:33:00,923:INFO:Plot type: residuals
2021-10-09 07:33:01,193:INFO:Fitting Model
2021-10-09 07:33:01,216:INFO:Scoring test/hold-out set
2021-10-09 07:35:35,715:INFO:Visual Rendered Successfully
2021-10-09 07:35:35,762:INFO:plot_model() succesfully completed......................................
2021-10-09 07:35:35,766:INFO:Initializing save_model()
2021-10-09 07:35:35,766:INFO:save_model(model=LinearRegression(copy_X=True, fit_intercept=True, n_jobs=-1, normalize=False), model_name=/Users/adg/pred_insurance_bill/lr_model, prep_pipe_=Pipeline(memory=None,
         steps=[('dtypes',
                 DataTypes_Auto_infer(categorical_features=[],
                                      display_types=True, features_todrop=[],
                                      id_columns=['ID'],
                                      ml_usecase='regression',
                                      numerical_features=[], target='charges',
                                      time_features=[])),
                ('imputer',
                 Simple_Imputer(categorical_strategy='not_available',
                                fill_value_categorical=None,
                                fill_value_numerical=None,
                                numeric_stra...
                ('binn', Binning(features_to_discretize=['age', 'bmi'])),
                ('rem_outliers', 'passthrough'), ('cluster_all', 'passthrough'),
                ('dummy', Dummify(target='charges')),
                ('fix_perfect', Remove_100(target='charges')),
                ('clean_names', Clean_Colum_Names()),
                ('feature_select', 'passthrough'), ('fix_multi', 'passthrough'),
                ('dfs', 'passthrough'), ('pca', 'passthrough')],
         verbose=False), verbose=True, kwargs={})
2021-10-09 07:35:35,766:INFO:Adding model into prep_pipe
2021-10-09 07:35:35,772:INFO:/Users/adg/pred_insurance_bill/lr_model.pkl saved in current working directory
2021-10-09 07:35:35,776:INFO:Pipeline(memory=None,
         steps=[('dtypes',
                 DataTypes_Auto_infer(categorical_features=[],
                                      display_types=True, features_todrop=[],
                                      id_columns=['ID'],
                                      ml_usecase='regression',
                                      numerical_features=[], target='charges',
                                      time_features=[])),
                ('imputer',
                 Simple_Imputer(categorical_strategy='not_available',
                                fill_value_categorical=None,
                                fill_value_numerical=None,
                                numeric_stra...
                ('rem_outliers', 'passthrough'), ('cluster_all', 'passthrough'),
                ('dummy', Dummify(target='charges')),
                ('fix_perfect', Remove_100(target='charges')),
                ('clean_names', Clean_Colum_Names()),
                ('feature_select', 'passthrough'), ('fix_multi', 'passthrough'),
                ('dfs', 'passthrough'), ('pca', 'passthrough'),
                ['trained_model',
                 LinearRegression(copy_X=True, fit_intercept=True, n_jobs=-1,
                                  normalize=False)]],
         verbose=False)
2021-10-09 07:35:35,776:INFO:save_model() successfully completed......................................
2021-10-09 08:09:56,148:INFO:Initializing load_model()
2021-10-09 08:09:56,148:INFO:load_model(model_name=lr_model, platform=None, authentication=None, verbose=True)
2021-10-09 08:11:08,311:INFO:Initializing load_model()
2021-10-09 08:11:08,311:INFO:load_model(model_name=lr_model, platform=None, authentication=None, verbose=True)
2021-10-09 08:12:44,067:INFO:Initializing load_model()
2021-10-09 08:12:44,067:INFO:load_model(model_name=lr_model, platform=None, authentication=None, verbose=True)
2021-10-09 08:19:47,261:INFO:Initializing load_model()
2021-10-09 08:19:47,261:INFO:load_model(model_name=lr_model, platform=None, authentication=None, verbose=True)
2021-10-09 08:20:25,127:INFO:Initializing load_model()
2021-10-09 08:20:25,127:INFO:load_model(model_name=lr_model, platform=None, authentication=None, verbose=True)
2021-10-09 08:24:19,745:INFO:Initializing load_model()
2021-10-09 08:24:19,745:INFO:load_model(model_name=lr_model, platform=None, authentication=None, verbose=True)
2021-10-09 14:30:43,124:INFO:Initializing load_model()
2021-10-09 14:30:43,124:INFO:load_model(model_name=lr_model, platform=None, authentication=None, verbose=True)
2021-10-09 14:35:22,689:INFO:Initializing load_model()
2021-10-09 14:35:22,689:INFO:load_model(model_name=/Users/adg/pred_insurance_bill/lr_model, platform=None, authentication=None, verbose=True)
2021-10-09 14:40:14,074:INFO:Initializing load_model()
2021-10-09 14:40:14,075:INFO:load_model(model_name=/Users/adg/pred_insurance_bill/lr_model, platform=None, authentication=None, verbose=True)
2021-10-09 14:45:24,118:INFO:Initializing load_model()
2021-10-09 14:45:24,118:INFO:load_model(model_name=/Users/adg/pred_insurance_bill/lr_model, platform=None, authentication=None, verbose=True)
2021-10-09 14:47:09,712:INFO:Initializing load_model()
2021-10-09 14:47:09,712:INFO:load_model(model_name=/Users/adg/pred_insurance_bill/lr_model, platform=None, authentication=None, verbose=True)
2021-10-09 15:23:39,171:INFO:Initializing load_model()
2021-10-09 15:23:39,171:INFO:load_model(model_name=/Users/adg/pred_insurance_bill/lr_model, platform=None, authentication=None, verbose=True)
2021-10-09 15:46:23,614:INFO:Initializing load_model()
2021-10-09 15:46:23,614:INFO:load_model(model_name=/Users/adg/pred_insurance_bill/lr_model, platform=None, authentication=None, verbose=True)
2021-10-09 17:03:36,283:INFO:PyCaret Supervised Module
2021-10-09 17:03:36,284:INFO:ML Usecase: regression
2021-10-09 17:03:36,284:INFO:version 2.3.4
2021-10-09 17:03:36,284:INFO:Initializing setup()
2021-10-09 17:03:36,284:INFO:setup(target=charges, ml_usecase=regression, available_plots={'parameter': 'Hyperparameters', 'residuals': 'Residuals', 'error': 'Prediction Error', 'cooks': 'Cooks Distance', 'rfe': 'Feature Selection', 'learning': 'Learning Curve', 'manifold': 'Manifold Learning', 'vc': 'Validation Curve', 'feature': 'Feature Importance', 'feature_all': 'Feature Importance (All)', 'tree': 'Decision Tree', 'residuals_interactive': 'Interactive Residuals'}, train_size=0.7, test_data=None, preprocess=True, imputation_type=simple, iterative_imputation_iters=5, categorical_features=None, categorical_imputation=constant, categorical_iterative_imputer=lightgbm, ordinal_features=None, high_cardinality_features=None, high_cardinality_method=frequency, numeric_features=None, numeric_imputation=mean, numeric_iterative_imputer=lightgbm, date_features=None, ignore_features=None, normalize=True, normalize_method=zscore, transformation=False, transformation_method=yeo-johnson, handle_unknown_categorical=True, unknown_categorical_method=least_frequent, pca=False, pca_method=linear, pca_components=None, ignore_low_variance=False, combine_rare_levels=False, rare_level_threshold=0.1, bin_numeric_features=['age', 'bmi'], remove_outliers=False, outliers_threshold=0.05, remove_multicollinearity=False, multicollinearity_threshold=0.9, remove_perfect_collinearity=True, create_clusters=False, cluster_iter=20, polynomial_features=True, polynomial_degree=2, trigonometry_features=True, polynomial_threshold=0.1, group_features=None, group_names=None, feature_selection=False, feature_selection_threshold=0.8, feature_selection_method=classic, feature_interaction=False, feature_ratio=False, interaction_threshold=0.01, fix_imbalance=False, fix_imbalance_method=None, transform_target=False, transform_target_method=box-cox, data_split_shuffle=True, data_split_stratify=False, fold_strategy=kfold, fold=10, fold_shuffle=False, fold_groups=None, n_jobs=-1, use_gpu=False, custom_pipeline=None, html=True, session_id=None, log_experiment=False, experiment_name=None, log_plots=False, log_profile=False, log_data=False, silent=False, verbose=True, profile=False, profile_kwargs=None, display=None)
2021-10-09 17:03:36,284:INFO:Checking environment
2021-10-09 17:03:36,284:INFO:python_version: 3.9.6
2021-10-09 17:03:36,284:INFO:python_build: ('v3.9.6:db3ff76da1', 'Jun 28 2021 11:49:53')
2021-10-09 17:03:36,284:INFO:machine: x86_64
2021-10-09 17:03:36,313:INFO:platform: macOS-10.16-x86_64-i386-64bit
2021-10-09 17:03:36,314:WARNING:cannot find psutil installation. memory not traceable. Install psutil using pip to enable memory logging.
2021-10-09 17:03:36,314:INFO:Checking libraries
2021-10-09 17:03:36,314:INFO:pd==1.3.3
2021-10-09 17:03:36,314:INFO:numpy==1.19.5
2021-10-09 17:03:36,314:INFO:sklearn==0.23.2
2021-10-09 17:03:36,314:INFO:lightgbm==3.2.1
2021-10-09 17:03:36,314:WARNING:catboost not found
2021-10-09 17:03:36,314:WARNING:xgboost not found
2021-10-09 17:03:36,538:INFO:mlflow==1.20.2
2021-10-09 17:03:36,538:INFO:Checking Exceptions
2021-10-09 17:03:36,538:INFO:Declaring global variables
2021-10-09 17:03:36,538:INFO:USI: 8cd0
2021-10-09 17:03:36,539:INFO:pycaret_globals: {'experiment__', 'X', 'iterative_imputation_iters_param', 'transform_target_method_param', 'data_before_preprocess', 'prep_pipe', 'master_model_container', 'html_param', 'exp_name_log', 'USI', 'X_test', 'seed', '_ml_usecase', '_all_models_internal', 'imputation_classifier', 'fold_param', 'log_plots_param', 'X_train', 'y', 'pycaret_globals', 'create_model_container', 'fold_shuffle_param', 'fold_generator', 'y_test', 'fix_imbalance_param', '_gpu_n_jobs_param', 'fold_groups_param_full', 'logging_param', 'gpu_param', 'fix_imbalance_method_param', '_available_plots', 'imputation_regressor', 'y_train', 'transform_target_param', 'display_container', 'n_jobs_param', '_all_metrics', 'fold_groups_param', 'target_param', 'stratify_param', '_all_models', '_internal_pipeline'}
2021-10-09 17:03:36,539:INFO:Preparing display monitor
2021-10-09 17:03:36,539:INFO:Preparing display monitor
2021-10-09 17:03:36,544:INFO:Importing libraries
2021-10-09 17:03:36,544:INFO:Copying data for preprocessing
2021-10-09 17:03:36,546:INFO:Declaring preprocessing parameters
2021-10-09 17:03:36,546:INFO:Creating preprocessing pipeline
2021-10-09 17:03:36,550:INFO:Preprocessing pipeline created successfully
2021-10-09 17:03:36,550:ERROR:(Process Exit): setup has been interupted with user command 'quit'. setup must rerun.
2021-10-09 17:03:36,550:INFO:Creating global containers
2021-10-09 17:03:36,550:INFO:Internal pipeline: Pipeline(memory=None, steps=[('empty_step', 'passthrough')], verbose=False)
2021-10-09 17:07:34,584:WARNING:Couldn't import xgboost.XGBRegressor
2021-10-09 17:07:34,585:WARNING:Couldn't import catboost.CatBoostRegressor
2021-10-09 17:07:34,673:WARNING:Couldn't import xgboost.XGBRegressor
2021-10-09 17:07:34,674:WARNING:Couldn't import catboost.CatBoostRegressor
2021-10-09 17:07:34,674:INFO:Creating grid variables
2021-10-09 17:07:34,676:INFO:create_model_container: 0
2021-10-09 17:07:34,676:INFO:master_model_container: 0
2021-10-09 17:07:34,676:INFO:display_container: 1
2021-10-09 17:07:34,680:INFO:Pipeline(memory=None,
         steps=[('dtypes',
                 DataTypes_Auto_infer(categorical_features=[],
                                      display_types=True, features_todrop=[],
                                      id_columns=[], ml_usecase='regression',
                                      numerical_features=[], target='charges',
                                      time_features=[])),
                ('imputer',
                 Simple_Imputer(categorical_strategy='not_available',
                                fill_value_categorical=None,
                                fill_value_numerical=None,
                                numeric_strategy...
                ('binn', Binning(features_to_discretize=['age', 'bmi'])),
                ('rem_outliers', 'passthrough'), ('cluster_all', 'passthrough'),
                ('dummy', Dummify(target='charges')),
                ('fix_perfect', Remove_100(target='charges')),
                ('clean_names', Clean_Colum_Names()),
                ('feature_select', 'passthrough'), ('fix_multi', 'passthrough'),
                ('dfs', 'passthrough'), ('pca', 'passthrough')],
         verbose=False)
2021-10-09 17:07:34,680:INFO:setup() succesfully completed......................................
2021-10-09 17:07:34,742:INFO:Initializing create_model()
2021-10-09 17:07:34,742:INFO:create_model(estimator=lr, fold=None, round=4, cross_validation=True, predict=True, fit_kwargs=None, groups=None, refit=True, verbose=True, system=True, metrics=None, add_to_model_list=True, display=None, kwargs={})
2021-10-09 17:07:34,742:INFO:Checking exceptions
2021-10-09 17:07:34,742:INFO:Preparing display monitor
2021-10-09 17:07:34,749:INFO:Importing libraries
2021-10-09 17:07:34,749:INFO:Copying training dataset
2021-10-09 17:07:34,749:INFO:Defining folds
2021-10-09 17:07:34,749:INFO:Declaring metric variables
2021-10-09 17:07:34,753:INFO:Importing untrained model
2021-10-09 17:07:34,757:INFO:Linear Regression Imported succesfully
2021-10-09 17:07:34,765:INFO:Starting cross validation
2021-10-09 17:07:34,769:INFO:Cross validating with KFold(n_splits=10, random_state=None, shuffle=False), n_jobs=-1
2021-10-09 17:07:36,865:INFO:Calculating mean and std
2021-10-09 17:07:36,868:INFO:Creating metrics dataframe
2021-10-09 17:07:36,889:INFO:Finalizing model
2021-10-09 17:07:36,895:INFO:Uploading results into container
2021-10-09 17:07:36,895:INFO:Uploading model into container now
2021-10-09 17:07:36,895:INFO:create_model_container: 1
2021-10-09 17:07:36,895:INFO:master_model_container: 1
2021-10-09 17:07:36,895:INFO:display_container: 2
2021-10-09 17:07:36,896:INFO:LinearRegression(copy_X=True, fit_intercept=True, n_jobs=-1, normalize=False)
2021-10-09 17:07:36,896:INFO:create_model() succesfully completed......................................
2021-10-09 17:07:36,962:INFO:Initializing plot_model()
2021-10-09 17:07:36,962:INFO:plot_model(fold=None, use_train_data=False, verbose=True, is_in_evaluate=False, display=None, display_format=None, estimator=LinearRegression(copy_X=True, fit_intercept=True, n_jobs=-1, normalize=False), feature_name=None, fit_kwargs=None, groups=None, label=False, plot=residuals, save=False, scale=1, system=True)
2021-10-09 17:07:36,962:INFO:Checking exceptions
2021-10-09 17:07:36,962:INFO:Preparing display monitor
2021-10-09 17:07:36,965:INFO:Preloading libraries
2021-10-09 17:07:36,965:INFO:Copying training dataset
2021-10-09 17:07:36,965:INFO:Copying test dataset
2021-10-09 17:07:36,966:INFO:Plot type: residuals
2021-10-09 17:07:37,090:INFO:Fitting Model
2021-10-09 17:07:37,111:INFO:Scoring test/hold-out set
2021-10-09 17:07:50,905:INFO:Visual Rendered Successfully
2021-10-09 17:07:50,952:INFO:plot_model() succesfully completed......................................
2021-10-09 17:07:50,956:INFO:Initializing save_model()
2021-10-09 17:07:50,956:INFO:save_model(model=LinearRegression(copy_X=True, fit_intercept=True, n_jobs=-1, normalize=False), model_name=/Users/adg/pred_insurance_bill/lr_model, prep_pipe_=Pipeline(memory=None,
         steps=[('dtypes',
                 DataTypes_Auto_infer(categorical_features=[],
                                      display_types=True, features_todrop=[],
                                      id_columns=[], ml_usecase='regression',
                                      numerical_features=[], target='charges',
                                      time_features=[])),
                ('imputer',
                 Simple_Imputer(categorical_strategy='not_available',
                                fill_value_categorical=None,
                                fill_value_numerical=None,
                                numeric_strategy...
                ('binn', Binning(features_to_discretize=['age', 'bmi'])),
                ('rem_outliers', 'passthrough'), ('cluster_all', 'passthrough'),
                ('dummy', Dummify(target='charges')),
                ('fix_perfect', Remove_100(target='charges')),
                ('clean_names', Clean_Colum_Names()),
                ('feature_select', 'passthrough'), ('fix_multi', 'passthrough'),
                ('dfs', 'passthrough'), ('pca', 'passthrough')],
         verbose=False), verbose=True, kwargs={})
2021-10-09 17:07:50,956:INFO:Adding model into prep_pipe
2021-10-09 17:07:50,962:INFO:/Users/adg/pred_insurance_bill/lr_model.pkl saved in current working directory
2021-10-09 17:07:50,966:INFO:Pipeline(memory=None,
         steps=[('dtypes',
                 DataTypes_Auto_infer(categorical_features=[],
                                      display_types=True, features_todrop=[],
                                      id_columns=[], ml_usecase='regression',
                                      numerical_features=[], target='charges',
                                      time_features=[])),
                ('imputer',
                 Simple_Imputer(categorical_strategy='not_available',
                                fill_value_categorical=None,
                                fill_value_numerical=None,
                                numeric_strategy...
                ('rem_outliers', 'passthrough'), ('cluster_all', 'passthrough'),
                ('dummy', Dummify(target='charges')),
                ('fix_perfect', Remove_100(target='charges')),
                ('clean_names', Clean_Colum_Names()),
                ('feature_select', 'passthrough'), ('fix_multi', 'passthrough'),
                ('dfs', 'passthrough'), ('pca', 'passthrough'),
                ['trained_model',
                 LinearRegression(copy_X=True, fit_intercept=True, n_jobs=-1,
                                  normalize=False)]],
         verbose=False)
2021-10-09 17:07:50,966:INFO:save_model() successfully completed......................................
2021-10-09 17:09:07,649:INFO:Initializing load_model()
2021-10-09 17:09:07,649:INFO:load_model(model_name=/Users/adg/pred_insurance_bill/lr_model, platform=None, authentication=None, verbose=True)
2021-10-09 17:37:38,515:INFO:PyCaret Supervised Module
2021-10-09 17:37:38,515:INFO:ML Usecase: regression
2021-10-09 17:37:38,515:INFO:version 2.3.4
2021-10-09 17:37:38,515:INFO:Initializing setup()
2021-10-09 17:37:38,515:INFO:setup(target=charges, ml_usecase=regression, available_plots={'parameter': 'Hyperparameters', 'residuals': 'Residuals', 'error': 'Prediction Error', 'cooks': 'Cooks Distance', 'rfe': 'Feature Selection', 'learning': 'Learning Curve', 'manifold': 'Manifold Learning', 'vc': 'Validation Curve', 'feature': 'Feature Importance', 'feature_all': 'Feature Importance (All)', 'tree': 'Decision Tree', 'residuals_interactive': 'Interactive Residuals'}, train_size=0.7, test_data=None, preprocess=True, imputation_type=simple, iterative_imputation_iters=5, categorical_features=None, categorical_imputation=constant, categorical_iterative_imputer=lightgbm, ordinal_features=None, high_cardinality_features=None, high_cardinality_method=frequency, numeric_features=None, numeric_imputation=mean, numeric_iterative_imputer=lightgbm, date_features=None, ignore_features=None, normalize=True, normalize_method=zscore, transformation=False, transformation_method=yeo-johnson, handle_unknown_categorical=True, unknown_categorical_method=least_frequent, pca=False, pca_method=linear, pca_components=None, ignore_low_variance=False, combine_rare_levels=False, rare_level_threshold=0.1, bin_numeric_features=['age', 'bmi'], remove_outliers=False, outliers_threshold=0.05, remove_multicollinearity=False, multicollinearity_threshold=0.9, remove_perfect_collinearity=True, create_clusters=False, cluster_iter=20, polynomial_features=True, polynomial_degree=2, trigonometry_features=True, polynomial_threshold=0.1, group_features=None, group_names=None, feature_selection=False, feature_selection_threshold=0.8, feature_selection_method=classic, feature_interaction=False, feature_ratio=False, interaction_threshold=0.01, fix_imbalance=False, fix_imbalance_method=None, transform_target=False, transform_target_method=box-cox, data_split_shuffle=True, data_split_stratify=False, fold_strategy=kfold, fold=10, fold_shuffle=False, fold_groups=None, n_jobs=-1, use_gpu=False, custom_pipeline=None, html=True, session_id=None, log_experiment=False, experiment_name=None, log_plots=False, log_profile=False, log_data=False, silent=False, verbose=True, profile=False, profile_kwargs=None, display=None)
2021-10-09 17:37:38,515:INFO:Checking environment
2021-10-09 17:37:38,515:INFO:python_version: 3.9.6
2021-10-09 17:37:38,515:INFO:python_build: ('v3.9.6:db3ff76da1', 'Jun 28 2021 11:49:53')
2021-10-09 17:37:38,515:INFO:machine: x86_64
2021-10-09 17:37:38,544:INFO:platform: macOS-10.16-x86_64-i386-64bit
2021-10-09 17:37:38,545:WARNING:cannot find psutil installation. memory not traceable. Install psutil using pip to enable memory logging.
2021-10-09 17:37:38,545:INFO:Checking libraries
2021-10-09 17:37:38,545:INFO:pd==1.3.3
2021-10-09 17:37:38,545:INFO:numpy==1.19.5
2021-10-09 17:37:38,545:INFO:sklearn==0.23.2
2021-10-09 17:37:38,545:INFO:lightgbm==3.2.1
2021-10-09 17:37:38,545:WARNING:catboost not found
2021-10-09 17:37:38,545:WARNING:xgboost not found
2021-10-09 17:37:38,778:INFO:mlflow==1.20.2
2021-10-09 17:37:38,778:INFO:Checking Exceptions
2021-10-09 17:37:38,779:INFO:Declaring global variables
2021-10-09 17:37:38,779:INFO:USI: d4bc
2021-10-09 17:37:38,779:INFO:pycaret_globals: {'imputation_classifier', '_gpu_n_jobs_param', '_all_metrics', 'n_jobs_param', 'exp_name_log', 'transform_target_param', 'USI', 'display_container', 'logging_param', 'prep_pipe', '_all_models_internal', 'master_model_container', 'y_train', 'data_before_preprocess', 'fold_generator', 'stratify_param', 'pycaret_globals', 'iterative_imputation_iters_param', 'fold_groups_param_full', 'experiment__', 'fix_imbalance_param', 'log_plots_param', 'X', 'y', 'imputation_regressor', 'y_test', 'html_param', 'create_model_container', 'fold_groups_param', 'fix_imbalance_method_param', 'transform_target_method_param', '_available_plots', '_all_models', '_ml_usecase', 'gpu_param', 'fold_param', 'seed', 'X_train', 'X_test', 'fold_shuffle_param', 'target_param', '_internal_pipeline'}
2021-10-09 17:37:38,779:INFO:Preparing display monitor
2021-10-09 17:37:38,779:INFO:Preparing display monitor
2021-10-09 17:37:38,784:INFO:Importing libraries
2021-10-09 17:37:38,785:INFO:Copying data for preprocessing
2021-10-09 17:37:38,787:INFO:Declaring preprocessing parameters
2021-10-09 17:37:38,788:INFO:Creating preprocessing pipeline
2021-10-09 17:37:38,793:INFO:Preprocessing pipeline created successfully
2021-10-09 17:37:38,793:ERROR:(Process Exit): setup has been interupted with user command 'quit'. setup must rerun.
2021-10-09 17:37:38,793:INFO:Creating global containers
2021-10-09 17:37:38,794:INFO:Internal pipeline: Pipeline(memory=None, steps=[('empty_step', 'passthrough')], verbose=False)
2021-10-09 17:37:41,103:WARNING:Couldn't import xgboost.XGBRegressor
2021-10-09 17:37:41,104:WARNING:Couldn't import catboost.CatBoostRegressor
2021-10-09 17:37:41,188:WARNING:Couldn't import xgboost.XGBRegressor
2021-10-09 17:37:41,188:WARNING:Couldn't import catboost.CatBoostRegressor
2021-10-09 17:37:41,188:INFO:Creating grid variables
2021-10-09 17:37:41,190:INFO:create_model_container: 0
2021-10-09 17:37:41,190:INFO:master_model_container: 0
2021-10-09 17:37:41,190:INFO:display_container: 1
2021-10-09 17:37:41,194:INFO:Pipeline(memory=None,
         steps=[('dtypes',
                 DataTypes_Auto_infer(categorical_features=[],
                                      display_types=True, features_todrop=[],
                                      id_columns=[], ml_usecase='regression',
                                      numerical_features=[], target='charges',
                                      time_features=[])),
                ('imputer',
                 Simple_Imputer(categorical_strategy='not_available',
                                fill_value_categorical=None,
                                fill_value_numerical=None,
                                numeric_strategy...
                ('binn', Binning(features_to_discretize=['age', 'bmi'])),
                ('rem_outliers', 'passthrough'), ('cluster_all', 'passthrough'),
                ('dummy', Dummify(target='charges')),
                ('fix_perfect', Remove_100(target='charges')),
                ('clean_names', Clean_Colum_Names()),
                ('feature_select', 'passthrough'), ('fix_multi', 'passthrough'),
                ('dfs', 'passthrough'), ('pca', 'passthrough')],
         verbose=False)
2021-10-09 17:37:41,194:INFO:setup() succesfully completed......................................
2021-10-09 17:37:41,247:INFO:Initializing create_model()
2021-10-09 17:37:41,247:INFO:create_model(estimator=lr, fold=None, round=4, cross_validation=True, predict=True, fit_kwargs=None, groups=None, refit=True, verbose=True, system=True, metrics=None, add_to_model_list=True, display=None, kwargs={})
2021-10-09 17:37:41,247:INFO:Checking exceptions
2021-10-09 17:37:41,247:INFO:Preparing display monitor
2021-10-09 17:37:41,254:INFO:Importing libraries
2021-10-09 17:37:41,254:INFO:Copying training dataset
2021-10-09 17:37:41,254:INFO:Defining folds
2021-10-09 17:37:41,254:INFO:Declaring metric variables
2021-10-09 17:37:41,259:INFO:Importing untrained model
2021-10-09 17:37:41,263:INFO:Linear Regression Imported succesfully
2021-10-09 17:37:41,271:INFO:Starting cross validation
2021-10-09 17:37:41,275:INFO:Cross validating with KFold(n_splits=10, random_state=None, shuffle=False), n_jobs=-1
2021-10-09 17:37:43,347:INFO:Calculating mean and std
2021-10-09 17:37:43,348:INFO:Creating metrics dataframe
2021-10-09 17:37:43,358:INFO:Finalizing model
2021-10-09 17:37:43,364:INFO:Uploading results into container
2021-10-09 17:37:43,364:INFO:Uploading model into container now
2021-10-09 17:37:43,365:INFO:create_model_container: 1
2021-10-09 17:37:43,365:INFO:master_model_container: 1
2021-10-09 17:37:43,365:INFO:display_container: 2
2021-10-09 17:37:43,365:INFO:LinearRegression(copy_X=True, fit_intercept=True, n_jobs=-1, normalize=False)
2021-10-09 17:37:43,365:INFO:create_model() succesfully completed......................................
2021-10-09 17:37:43,435:INFO:Initializing plot_model()
2021-10-09 17:37:43,435:INFO:plot_model(fold=None, use_train_data=False, verbose=True, is_in_evaluate=False, display=None, display_format=None, estimator=LinearRegression(copy_X=True, fit_intercept=True, n_jobs=-1, normalize=False), feature_name=None, fit_kwargs=None, groups=None, label=False, plot=residuals, save=False, scale=1, system=True)
2021-10-09 17:37:43,435:INFO:Checking exceptions
2021-10-09 17:37:43,435:INFO:Preparing display monitor
2021-10-09 17:37:43,438:INFO:Preloading libraries
2021-10-09 17:37:43,438:INFO:Copying training dataset
2021-10-09 17:37:43,438:INFO:Copying test dataset
2021-10-09 17:37:43,439:INFO:Plot type: residuals
2021-10-09 17:37:43,561:INFO:Fitting Model
2021-10-09 17:37:43,582:INFO:Scoring test/hold-out set
2021-10-09 17:40:13,887:INFO:Visual Rendered Successfully
2021-10-09 17:40:13,934:INFO:plot_model() succesfully completed......................................
2021-10-09 17:40:13,939:INFO:Initializing save_model()
2021-10-09 17:40:13,939:INFO:save_model(model=LinearRegression(copy_X=True, fit_intercept=True, n_jobs=-1, normalize=False), model_name=/Users/adg/pred_insurance_bill/lr_model, prep_pipe_=Pipeline(memory=None,
         steps=[('dtypes',
                 DataTypes_Auto_infer(categorical_features=[],
                                      display_types=True, features_todrop=[],
                                      id_columns=[], ml_usecase='regression',
                                      numerical_features=[], target='charges',
                                      time_features=[])),
                ('imputer',
                 Simple_Imputer(categorical_strategy='not_available',
                                fill_value_categorical=None,
                                fill_value_numerical=None,
                                numeric_strategy...
                ('binn', Binning(features_to_discretize=['age', 'bmi'])),
                ('rem_outliers', 'passthrough'), ('cluster_all', 'passthrough'),
                ('dummy', Dummify(target='charges')),
                ('fix_perfect', Remove_100(target='charges')),
                ('clean_names', Clean_Colum_Names()),
                ('feature_select', 'passthrough'), ('fix_multi', 'passthrough'),
                ('dfs', 'passthrough'), ('pca', 'passthrough')],
         verbose=False), verbose=True, kwargs={})
2021-10-09 17:40:13,939:INFO:Adding model into prep_pipe
2021-10-09 17:40:13,945:INFO:/Users/adg/pred_insurance_bill/lr_model.pkl saved in current working directory
2021-10-09 17:40:13,948:INFO:Pipeline(memory=None,
         steps=[('dtypes',
                 DataTypes_Auto_infer(categorical_features=[],
                                      display_types=True, features_todrop=[],
                                      id_columns=[], ml_usecase='regression',
                                      numerical_features=[], target='charges',
                                      time_features=[])),
                ('imputer',
                 Simple_Imputer(categorical_strategy='not_available',
                                fill_value_categorical=None,
                                fill_value_numerical=None,
                                numeric_strategy...
                ('rem_outliers', 'passthrough'), ('cluster_all', 'passthrough'),
                ('dummy', Dummify(target='charges')),
                ('fix_perfect', Remove_100(target='charges')),
                ('clean_names', Clean_Colum_Names()),
                ('feature_select', 'passthrough'), ('fix_multi', 'passthrough'),
                ('dfs', 'passthrough'), ('pca', 'passthrough'),
                ['trained_model',
                 LinearRegression(copy_X=True, fit_intercept=True, n_jobs=-1,
                                  normalize=False)]],
         verbose=False)
2021-10-09 17:40:13,948:INFO:save_model() successfully completed......................................
